<?xml version="1.0" encoding="UTF-8"?>
<testng-results ignored="0" total="1" passed="1" failed="0" skipped="0">
  <reporter-output>
  </reporter-output>
  <suite started-at="2024-09-16T13:02:37 IST" name="Default suite" finished-at="2024-09-16T13:03:53 IST" duration-ms="76051">
    <groups>
    </groups>
    <test started-at="2024-09-16T13:02:37 IST" name="Default test" finished-at="2024-09-16T13:03:53 IST" duration-ms="76051">
      <class name="testpackage.Manatest">
        <test-method is-config="true" signature="load()[pri:0, instance:testpackage.Manatest@2371aaca]" started-at="2024-09-16T13:02:37 IST" name="load" finished-at="2024-09-16T13:02:51 IST" duration-ms="13757" status="PASS">
          <reporter-output>
          </reporter-output>
        </test-method> <!-- load -->
        <test-method signature="test()[pri:0, instance:testpackage.Manatest@2371aaca]" started-at="2024-09-16T13:02:51 IST" name="test" finished-at="2024-09-16T13:03:53 IST" duration-ms="61772" status="PASS">
          <reporter-output>
          </reporter-output>
        </test-method> <!-- test -->
      </class> <!-- testpackage.Manatest -->
    </test> <!-- Default test -->
  </suite> <!-- Default suite -->
</testng-results>
